
*** Running vivado
    with args -log top_level.vds -m64 -product Vivado -mode batch -messageDb vivado.pb -notrace -source top_level.tcl


ECHO is off.
ECHO is off.

****** Vivado v2023.2 (64-bit)
  **** SW Build 4029153 on Fri Oct 13 20:14:34 MDT 2023
  **** IP Build 4028589 on Sat Oct 14 00:45:43 MDT 2023
  **** SharedData Build 4025554 on Tue Oct 10 17:18:54 MDT 2023
    ** Copyright 1986-2022 Xilinx, Inc. All Rights Reserved.
    ** Copyright 2022-2023 Advanced Micro Devices, Inc. All Rights Reserved.

source top_level.tcl -notrace
create_project: Time (s): cpu = 00:00:05 ; elapsed = 00:00:05 . Memory (MB): peak = 473.188 ; gain = 177.996
Command: read_checkpoint -auto_incremental -incremental C:/Users/Spagetik/Desktop/project_1/project_1.srcs/utils_1/imports/synth_1/display_mux.dcp
INFO: [Vivado 12-5825] Read reference checkpoint from C:/Users/Spagetik/Desktop/project_1/project_1.srcs/utils_1/imports/synth_1/display_mux.dcp for incremental synthesis
INFO: [Vivado 12-7989] Please ensure there are no constraint changes
Command: synth_design -top top_level -part xc7a50ticsg324-1L
Starting synth_design
Attempting to get a license for feature 'Synthesis' and/or device 'xc7a50ti'
INFO: [Common 17-349] Got license for feature 'Synthesis' and/or device 'xc7a50ti'
INFO: [Device 21-403] Loading part xc7a50ticsg324-1L
INFO: [Designutils 20-5440] No compile time benefit to using incremental synthesis; A full resynthesis will be run
INFO: [Designutils 20-4379] Flow is switching to default flow due to incremental criteria not met. If you would like to alter this behaviour and have the flow terminate instead, please set the following parameter config_implementation {autoIncr.Synth.RejectBehavior Terminate}
INFO: [Synth 8-7079] Multithreading enabled for synth_design using a maximum of 2 processes.
INFO: [Synth 8-7078] Launching helper process for spawning children vivado processes
INFO: [Synth 8-7075] Helper process launched with PID 31164
---------------------------------------------------------------------------------
Starting RTL Elaboration : Time (s): cpu = 00:00:05 ; elapsed = 00:00:05 . Memory (MB): peak = 1316.438 ; gain = 440.617
---------------------------------------------------------------------------------
INFO: [Synth 8-638] synthesizing module 'top_level' [C:/Users/Spagetik/Desktop/project_1/project_1.srcs/sources_1/new/top_level.vhd:60]
INFO: [Synth 8-3491] module 'debounce' declared at 'C:/Users/Spagetik/Downloads/debounce.vhd:24' bound to instance 'btn_r' of component 'debounce' [C:/Users/Spagetik/Desktop/project_1/project_1.srcs/sources_1/new/top_level.vhd:112]
INFO: [Synth 8-638] synthesizing module 'debounce' [C:/Users/Spagetik/Downloads/debounce.vhd:38]
INFO: [Synth 8-226] default block is never used [C:/Users/Spagetik/Downloads/debounce.vhd:83]
INFO: [Synth 8-256] done synthesizing module 'debounce' (0#1) [C:/Users/Spagetik/Downloads/debounce.vhd:38]
INFO: [Synth 8-3491] module 'debounce' declared at 'C:/Users/Spagetik/Downloads/debounce.vhd:24' bound to instance 'btn_l' of component 'debounce' [C:/Users/Spagetik/Desktop/project_1/project_1.srcs/sources_1/new/top_level.vhd:123]
INFO: [Synth 8-3491] module 'sifr' declared at 'C:/Users/Spagetik/Desktop/project_1/project_1.srcs/sources_1/new/sifr.vhd:34' bound to instance 'display_2' of component 'sifr' [C:/Users/Spagetik/Desktop/project_1/project_1.srcs/sources_1/new/top_level.vhd:134]
INFO: [Synth 8-638] synthesizing module 'sifr' [C:/Users/Spagetik/Desktop/project_1/project_1.srcs/sources_1/new/sifr.vhd:48]
WARNING: [Synth 8-613] shared variable will be implemented as local to architecture [C:/Users/Spagetik/Desktop/project_1/project_1.srcs/sources_1/new/sifr.vhd:65]
WARNING: [Synth 8-613] shared variable will be implemented as local to architecture [C:/Users/Spagetik/Desktop/project_1/project_1.srcs/sources_1/new/sifr.vhd:66]
WARNING: [Synth 8-613] shared variable will be implemented as local to architecture [C:/Users/Spagetik/Desktop/project_1/project_1.srcs/sources_1/new/sifr.vhd:67]
INFO: [Synth 8-3491] module 'driver_7_seg_8_places' declared at 'C:/Users/Spagetik/Desktop/project_1/project_1.srcs/sources_1/new/driver_7_seg_8_places.vhd:34' bound to instance 'display' of component 'driver_7_seg_8_places' [C:/Users/Spagetik/Desktop/project_1/project_1.srcs/sources_1/new/sifr.vhd:86]
INFO: [Synth 8-638] synthesizing module 'driver_7_seg_8_places' [C:/Users/Spagetik/Desktop/project_1/project_1.srcs/sources_1/new/driver_7_seg_8_places.vhd:50]
INFO: [Synth 8-3491] module 'bin_to_symb' declared at 'C:/Users/Spagetik/Desktop/project_1/project_1.srcs/sources_1/new/bin_to_symb.vhd:34' bound to instance 'converter' of component 'bin_to_symb' [C:/Users/Spagetik/Desktop/project_1/project_1.srcs/sources_1/new/driver_7_seg_8_places.vhd:67]
INFO: [Synth 8-638] synthesizing module 'bin_to_symb' [C:/Users/Spagetik/Desktop/project_1/project_1.srcs/sources_1/new/bin_to_symb.vhd:41]
WARNING: [Synth 8-614] signal 'temp' is read in the process but is not in the sensitivity list [C:/Users/Spagetik/Desktop/project_1/project_1.srcs/sources_1/new/bin_to_symb.vhd:44]
INFO: [Synth 8-256] done synthesizing module 'bin_to_symb' (0#1) [C:/Users/Spagetik/Desktop/project_1/project_1.srcs/sources_1/new/bin_to_symb.vhd:41]
INFO: [Synth 8-3491] module 'display_clock' declared at 'C:/Users/Spagetik/Desktop/project_1/project_1.srcs/sources_1/new/display_clock.vhd:35' bound to instance 'dis_clk' of component 'display_clock' [C:/Users/Spagetik/Desktop/project_1/project_1.srcs/sources_1/new/driver_7_seg_8_places.vhd:75]
INFO: [Synth 8-638] synthesizing module 'display_clock' [C:/Users/Spagetik/Desktop/project_1/project_1.srcs/sources_1/new/display_clock.vhd:41]
INFO: [Synth 8-256] done synthesizing module 'display_clock' (0#1) [C:/Users/Spagetik/Desktop/project_1/project_1.srcs/sources_1/new/display_clock.vhd:41]
INFO: [Synth 8-226] default block is never used [C:/Users/Spagetik/Desktop/project_1/project_1.srcs/sources_1/new/driver_7_seg_8_places.vhd:90]
INFO: [Synth 8-226] default block is never used [C:/Users/Spagetik/Desktop/project_1/project_1.srcs/sources_1/new/driver_7_seg_8_places.vhd:117]
INFO: [Synth 8-256] done synthesizing module 'driver_7_seg_8_places' (0#1) [C:/Users/Spagetik/Desktop/project_1/project_1.srcs/sources_1/new/driver_7_seg_8_places.vhd:50]
INFO: [Synth 8-256] done synthesizing module 'sifr' (0#1) [C:/Users/Spagetik/Desktop/project_1/project_1.srcs/sources_1/new/sifr.vhd:48]
INFO: [Synth 8-256] done synthesizing module 'top_level' (0#1) [C:/Users/Spagetik/Desktop/project_1/project_1.srcs/sources_1/new/top_level.vhd:60]
WARNING: [Synth 8-3848] Net LED in module/entity top_level does not have driver. [C:/Users/Spagetik/Desktop/project_1/project_1.srcs/sources_1/new/top_level.vhd:55]
WARNING: [Synth 8-3848] Net JA in module/entity top_level does not have driver. [C:/Users/Spagetik/Desktop/project_1/project_1.srcs/sources_1/new/top_level.vhd:56]
WARNING: [Synth 8-3917] design top_level has port DP driven by constant 1
WARNING: [Synth 8-7129] Port clear in module bin_to_symb is either unconnected or has no load
WARNING: [Synth 8-7129] Port clk in module bin_to_symb is either unconnected or has no load
WARNING: [Synth 8-7129] Port LED[7] in module top_level is either unconnected or has no load
WARNING: [Synth 8-7129] Port LED[6] in module top_level is either unconnected or has no load
WARNING: [Synth 8-7129] Port LED[5] in module top_level is either unconnected or has no load
WARNING: [Synth 8-7129] Port LED[4] in module top_level is either unconnected or has no load
WARNING: [Synth 8-7129] Port LED[3] in module top_level is either unconnected or has no load
WARNING: [Synth 8-7129] Port LED[2] in module top_level is either unconnected or has no load
WARNING: [Synth 8-7129] Port LED[1] in module top_level is either unconnected or has no load
WARNING: [Synth 8-7129] Port LED[0] in module top_level is either unconnected or has no load
WARNING: [Synth 8-7129] Port JA[4] in module top_level is either unconnected or has no load
WARNING: [Synth 8-7129] Port JA[3] in module top_level is either unconnected or has no load
WARNING: [Synth 8-7129] Port JA[2] in module top_level is either unconnected or has no load
WARNING: [Synth 8-7129] Port JA[1] in module top_level is either unconnected or has no load
WARNING: [Synth 8-7129] Port BTNC in module top_level is either unconnected or has no load
---------------------------------------------------------------------------------
Finished RTL Elaboration : Time (s): cpu = 00:00:07 ; elapsed = 00:00:07 . Memory (MB): peak = 1431.227 ; gain = 555.406
---------------------------------------------------------------------------------
---------------------------------------------------------------------------------
Start Handling Custom Attributes
---------------------------------------------------------------------------------
---------------------------------------------------------------------------------
Finished Handling Custom Attributes : Time (s): cpu = 00:00:07 ; elapsed = 00:00:07 . Memory (MB): peak = 1431.227 ; gain = 555.406
---------------------------------------------------------------------------------
---------------------------------------------------------------------------------
Finished RTL Optimization Phase 1 : Time (s): cpu = 00:00:07 ; elapsed = 00:00:07 . Memory (MB): peak = 1431.227 ; gain = 555.406
---------------------------------------------------------------------------------
Netlist sorting complete. Time (s): cpu = 00:00:00 ; elapsed = 00:00:00.009 . Memory (MB): peak = 1431.227 ; gain = 0.000
INFO: [Project 1-570] Preparing netlist for logic optimization

Processing XDC Constraints
Initializing timing engine
Parsing XDC File [C:/Users/Spagetik/Desktop/project_1/project_1.srcs/constrs_1/new/nexys-a7-50t.xdc]
WARNING: [Vivado 12-584] No ports matched 'LED17_B'. [C:/Users/Spagetik/Desktop/project_1/project_1.srcs/constrs_1/new/nexys-a7-50t.xdc:51]
CRITICAL WARNING: [Common 17-55] 'set_property' expects at least one object. [C:/Users/Spagetik/Desktop/project_1/project_1.srcs/constrs_1/new/nexys-a7-50t.xdc:51]
Resolution: If [get_<value>] was used to populate the object, check to make sure this command returns at least one valid object.
Finished Parsing XDC File [C:/Users/Spagetik/Desktop/project_1/project_1.srcs/constrs_1/new/nexys-a7-50t.xdc]
INFO: [Project 1-236] Implementation specific constraints were found while reading constraint file [C:/Users/Spagetik/Desktop/project_1/project_1.srcs/constrs_1/new/nexys-a7-50t.xdc]. These constraints will be ignored for synthesis but will be used in implementation. Impacted constraints are listed in the file [.Xil/top_level_propImpl.xdc].
Resolution: To avoid this warning, move constraints listed in [.Xil/top_level_propImpl.xdc] to another XDC file and exclude this new file from synthesis with the used_in_synthesis property (File Properties dialog in GUI) and re-run elaboration/synthesis.
Completed Processing XDC Constraints

Netlist sorting complete. Time (s): cpu = 00:00:00 ; elapsed = 00:00:00 . Memory (MB): peak = 1525.645 ; gain = 0.000
INFO: [Project 1-111] Unisim Transformation Summary:
No Unisim elements were transformed.

The system cannot find the path specified.
Constraint Validation Runtime : Time (s): cpu = 00:00:00 ; elapsed = 00:00:00.003 . Memory (MB): peak = 1525.645 ; gain = 0.000
INFO: [Designutils 20-5440] No compile time benefit to using incremental synthesis; A full resynthesis will be run
INFO: [Designutils 20-4379] Flow is switching to default flow due to incremental criteria not met. If you would like to alter this behaviour and have the flow terminate instead, please set the following parameter config_implementation {autoIncr.Synth.RejectBehavior Terminate}
---------------------------------------------------------------------------------
Finished Constraint Validation : Time (s): cpu = 00:00:14 ; elapsed = 00:00:14 . Memory (MB): peak = 1525.645 ; gain = 649.824
---------------------------------------------------------------------------------
---------------------------------------------------------------------------------
Start Loading Part and Timing Information
---------------------------------------------------------------------------------
Loading part: xc7a50ticsg324-1L
---------------------------------------------------------------------------------
Finished Loading Part and Timing Information : Time (s): cpu = 00:00:14 ; elapsed = 00:00:14 . Memory (MB): peak = 1525.645 ; gain = 649.824
---------------------------------------------------------------------------------
---------------------------------------------------------------------------------
Start Applying 'set_property' XDC Constraints
---------------------------------------------------------------------------------
---------------------------------------------------------------------------------
Finished applying 'set_property' XDC Constraints : Time (s): cpu = 00:00:14 ; elapsed = 00:00:14 . Memory (MB): peak = 1525.645 ; gain = 649.824
---------------------------------------------------------------------------------
INFO: [Synth 8-802] inferred FSM for state register 'state_reg' in module 'debounce'
---------------------------------------------------------------------------------------------------
                   State |                     New Encoding |                Previous Encoding 
---------------------------------------------------------------------------------------------------
                    idle |                               00 |                               00
                 count_1 |                               01 |                               01
                 pressed |                               10 |                               10
                 count_0 |                               11 |                               11
---------------------------------------------------------------------------------------------------
INFO: [Synth 8-3354] encoded FSM with state register 'state_reg' using encoding 'sequential' in module 'debounce'
---------------------------------------------------------------------------------
Finished RTL Optimization Phase 2 : Time (s): cpu = 00:00:14 ; elapsed = 00:00:15 . Memory (MB): peak = 1525.645 ; gain = 649.824
---------------------------------------------------------------------------------
---------------------------------------------------------------------------------
Start RTL Component Statistics 
---------------------------------------------------------------------------------
Detailed RTL Component Info : 
+---Adders : 
	   2 Input   32 Bit       Adders := 2     
	   2 Input   31 Bit       Adders := 10    
	   2 Input    7 Bit       Adders := 8     
	   2 Input    6 Bit       Adders := 1     
	   2 Input    5 Bit       Adders := 10    
	   2 Input    4 Bit       Adders := 2     
+---Registers : 
	                8 Bit    Registers := 1     
	                5 Bit    Registers := 17    
	                4 Bit    Registers := 2     
	                3 Bit    Registers := 1     
	                1 Bit    Registers := 5     
+---Muxes : 
	   2 Input   32 Bit        Muxes := 4     
	   2 Input   31 Bit        Muxes := 10    
	   8 Input    8 Bit        Muxes := 1     
	   2 Input    6 Bit        Muxes := 1     
	   2 Input    5 Bit        Muxes := 26    
	  11 Input    5 Bit        Muxes := 8     
	   3 Input    5 Bit        Muxes := 2     
	   2 Input    4 Bit        Muxes := 2     
	   4 Input    4 Bit        Muxes := 2     
	   4 Input    2 Bit        Muxes := 2     
	   2 Input    2 Bit        Muxes := 8     
	   4 Input    1 Bit        Muxes := 4     
	   2 Input    1 Bit        Muxes := 24    
	  11 Input    1 Bit        Muxes := 19    
---------------------------------------------------------------------------------
Finished RTL Component Statistics 
---------------------------------------------------------------------------------
---------------------------------------------------------------------------------
Start Part Resource Summary
---------------------------------------------------------------------------------
Part Resources:
DSPs: 120 (col length:60)
BRAMs: 150 (col length: RAMB18 60 RAMB36 30)
---------------------------------------------------------------------------------
Finished Part Resource Summary
---------------------------------------------------------------------------------
---------------------------------------------------------------------------------
Start Cross Boundary and Area Optimization
---------------------------------------------------------------------------------
WARNING: [Synth 8-7080] Parallel synthesis criteria is not met
WARNING: [Synth 8-3917] design top_level has port DP driven by constant 1
WARNING: [Synth 8-7129] Port LED[7] in module top_level is either unconnected or has no load
WARNING: [Synth 8-7129] Port LED[6] in module top_level is either unconnected or has no load
WARNING: [Synth 8-7129] Port LED[5] in module top_level is either unconnected or has no load
WARNING: [Synth 8-7129] Port LED[4] in module top_level is either unconnected or has no load
WARNING: [Synth 8-7129] Port LED[3] in module top_level is either unconnected or has no load
WARNING: [Synth 8-7129] Port LED[2] in module top_level is either unconnected or has no load
WARNING: [Synth 8-7129] Port LED[1] in module top_level is either unconnected or has no load
WARNING: [Synth 8-7129] Port LED[0] in module top_level is either unconnected or has no load
WARNING: [Synth 8-7129] Port JA[4] in module top_level is either unconnected or has no load
WARNING: [Synth 8-7129] Port JA[3] in module top_level is either unconnected or has no load
WARNING: [Synth 8-7129] Port JA[2] in module top_level is either unconnected or has no load
WARNING: [Synth 8-7129] Port JA[1] in module top_level is either unconnected or has no load
WARNING: [Synth 8-7129] Port BTNC in module top_level is either unconnected or has no load
---------------------------------------------------------------------------------
Finished Cross Boundary and Area Optimization : Time (s): cpu = 00:00:24 ; elapsed = 00:00:24 . Memory (MB): peak = 1525.645 ; gain = 649.824
---------------------------------------------------------------------------------
---------------------------------------------------------------------------------
Start ROM, RAM, DSP, Shift Register and Retiming Reporting
---------------------------------------------------------------------------------

ROM: Preliminary Mapping Report
+----------------------+----------------+---------------+----------------+
|Module Name           | RTL Object     | Depth x Width | Implemented As | 
+----------------------+----------------+---------------+----------------+
|bin_to_symb           | temp           | 32x7          | LUT            | 
|driver_7_seg_8_places | converter/temp | 32x7          | LUT            | 
+----------------------+----------------+---------------+----------------+

---------------------------------------------------------------------------------
Finished ROM, RAM, DSP, Shift Register and Retiming Reporting
---------------------------------------------------------------------------------
---------------------------------------------------------------------------------
Start Applying XDC Timing Constraints
---------------------------------------------------------------------------------
---------------------------------------------------------------------------------
Finished Applying XDC Timing Constraints : Time (s): cpu = 00:00:28 ; elapsed = 00:00:29 . Memory (MB): peak = 1525.645 ; gain = 649.824
---------------------------------------------------------------------------------
---------------------------------------------------------------------------------
Start Timing Optimization
---------------------------------------------------------------------------------
---------------------------------------------------------------------------------
Finished Timing Optimization : Time (s): cpu = 00:00:28 ; elapsed = 00:00:29 . Memory (MB): peak = 1525.645 ; gain = 649.824
---------------------------------------------------------------------------------
---------------------------------------------------------------------------------
Start Technology Mapping
---------------------------------------------------------------------------------
---------------------------------------------------------------------------------
Finished Technology Mapping : Time (s): cpu = 00:00:29 ; elapsed = 00:00:29 . Memory (MB): peak = 1525.645 ; gain = 649.824
---------------------------------------------------------------------------------
---------------------------------------------------------------------------------
Start IO Insertion
---------------------------------------------------------------------------------
---------------------------------------------------------------------------------
Start Flattening Before IO Insertion
---------------------------------------------------------------------------------
---------------------------------------------------------------------------------
Finished Flattening Before IO Insertion
---------------------------------------------------------------------------------
---------------------------------------------------------------------------------
Start Final Netlist Cleanup
---------------------------------------------------------------------------------
---------------------------------------------------------------------------------
Finished Final Netlist Cleanup
---------------------------------------------------------------------------------
---------------------------------------------------------------------------------
Finished IO Insertion : Time (s): cpu = 00:00:33 ; elapsed = 00:00:33 . Memory (MB): peak = 1525.645 ; gain = 649.824
---------------------------------------------------------------------------------
---------------------------------------------------------------------------------
Start Renaming Generated Instances
---------------------------------------------------------------------------------
---------------------------------------------------------------------------------
Finished Renaming Generated Instances : Time (s): cpu = 00:00:33 ; elapsed = 00:00:33 . Memory (MB): peak = 1525.645 ; gain = 649.824
---------------------------------------------------------------------------------
---------------------------------------------------------------------------------
Start Rebuilding User Hierarchy
---------------------------------------------------------------------------------
---------------------------------------------------------------------------------
Finished Rebuilding User Hierarchy : Time (s): cpu = 00:00:33 ; elapsed = 00:00:33 . Memory (MB): peak = 1525.645 ; gain = 649.824
---------------------------------------------------------------------------------
---------------------------------------------------------------------------------
Start Renaming Generated Ports
---------------------------------------------------------------------------------
---------------------------------------------------------------------------------
Finished Renaming Generated Ports : Time (s): cpu = 00:00:33 ; elapsed = 00:00:33 . Memory (MB): peak = 1525.645 ; gain = 649.824
---------------------------------------------------------------------------------
---------------------------------------------------------------------------------
Start Handling Custom Attributes
---------------------------------------------------------------------------------
---------------------------------------------------------------------------------
Finished Handling Custom Attributes : Time (s): cpu = 00:00:33 ; elapsed = 00:00:33 . Memory (MB): peak = 1525.645 ; gain = 649.824
---------------------------------------------------------------------------------
---------------------------------------------------------------------------------
Start Renaming Generated Nets
---------------------------------------------------------------------------------
---------------------------------------------------------------------------------
Finished Renaming Generated Nets : Time (s): cpu = 00:00:33 ; elapsed = 00:00:33 . Memory (MB): peak = 1525.645 ; gain = 649.824
---------------------------------------------------------------------------------
---------------------------------------------------------------------------------
Start Writing Synthesis Report
---------------------------------------------------------------------------------

Report BlackBoxes: 
+-+--------------+----------+
| |BlackBox name |Instances |
+-+--------------+----------+
+-+--------------+----------+

Report Cell Usage: 
+------+-------+------+
|      |Cell   |Count |
+------+-------+------+
|1     |BUFG   |     1|
|2     |CARRY4 |   320|
|3     |LUT1   |   192|
|4     |LUT2   |   557|
|5     |LUT3   |   389|
|6     |LUT4   |   419|
|7     |LUT5   |   293|
|8     |LUT6   |   208|
|9     |MUXF7  |     6|
|10    |FDRE   |    90|
|11    |FDSE   |    48|
|12    |IBUF   |    10|
|13    |OBUF   |    21|
|14    |OBUFT  |    12|
+------+-------+------+
---------------------------------------------------------------------------------
Finished Writing Synthesis Report : Time (s): cpu = 00:00:33 ; elapsed = 00:00:33 . Memory (MB): peak = 1525.645 ; gain = 649.824
---------------------------------------------------------------------------------
Synthesis finished with 0 errors, 0 critical warnings and 15 warnings.
Synthesis Optimization Runtime : Time (s): cpu = 00:00:25 ; elapsed = 00:00:32 . Memory (MB): peak = 1525.645 ; gain = 555.406
Synthesis Optimization Complete : Time (s): cpu = 00:00:33 ; elapsed = 00:00:33 . Memory (MB): peak = 1525.645 ; gain = 649.824
INFO: [Project 1-571] Translating synthesized netlist
Netlist sorting complete. Time (s): cpu = 00:00:00 ; elapsed = 00:00:00.019 . Memory (MB): peak = 1525.645 ; gain = 0.000
INFO: [Netlist 29-17] Analyzing 326 Unisim elements for replacement
INFO: [Netlist 29-28] Unisim Transformation completed in 0 CPU seconds
WARNING: [Netlist 29-101] Netlist 'top_level' is not ideal for floorplanning, since the cellview 'sifr' contains a large number of primitives.  Please consider enabling hierarchy in synthesis if you want to do floorplanning.
INFO: [Project 1-570] Preparing netlist for logic optimization
INFO: [Opt 31-138] Pushed 0 inverter(s) to 0 load pin(s).
Netlist sorting complete. Time (s): cpu = 00:00:00 ; elapsed = 00:00:00 . Memory (MB): peak = 1533.344 ; gain = 0.000
INFO: [Project 1-111] Unisim Transformation Summary:
No Unisim elements were transformed.

The system cannot find the path specified.
Synth Design complete | Checksum: d2b2953
INFO: [Common 17-83] Releasing license: Synthesis
44 Infos, 39 Warnings, 1 Critical Warnings and 0 Errors encountered.
synth_design completed successfully
synth_design: Time (s): cpu = 00:00:37 ; elapsed = 00:00:38 . Memory (MB): peak = 1533.344 ; gain = 1048.660
INFO: [runtcl-6] Synthesis results are not added to the cache due to CRITICAL_WARNING
Write ShapeDB Complete: Time (s): cpu = 00:00:00 ; elapsed = 00:00:00.007 . Memory (MB): peak = 1533.344 ; gain = 0.000
INFO: [Common 17-1381] The checkpoint 'C:/Users/Spagetik/Desktop/project_1/project_1.runs/synth_1/top_level.dcp' has been generated.
INFO: [runtcl-4] Executing : report_utilization -file top_level_utilization_synth.rpt -pb top_level_utilization_synth.pb
INFO: [Common 17-206] Exiting Vivado at Tue Apr 23 13:58:04 2024...
